# JRE version: Java(TM) SE Runtime Environment (8.0_191-b12) (build 1.8.0_191-b12)
# Java VM: Java HotSpot(TM) Client VM (25.191-b12 mixed mode windows-x86 )
Heap:
 def new generation   total 55040K, used 18524K [0x04600000, 0x081b0000, 0x0f0a0000)
  eden space 48960K,  36% used [0x04600000, 0x0573bc40, 0x075d0000)
  from space 6080K,  14% used [0x07bc0000, 0x07c9b5b8, 0x081b0000)
  to   space 6080K,   0% used [0x075d0000, 0x075d0000, 0x07bc0000)
 tenured generation   total 122072K, used 81130K [0x0f0a0000, 0x167d6000, 0x24600000)
   the space 122072K,  66% used [0x0f0a0000, 0x13fda928, 0x13fdaa00, 0x167d6000)
 Metaspace       used 21657K, capacity 22278K, committed 22528K, reserved 22912K
GC Heap History (10 events):
Event: 8951.755 GC heap before
{Heap before GC invocations=488 (full 3):
 def new generation   total 55040K, used 52705K [0x04600000, 0x081b0000, 0x0f0a0000)
  eden space 48960K, 100% used [0x04600000, 0x075d0000, 0x075d0000)
  from space 6080K,  61% used [0x075d0000, 0x07978638, 0x07bc0000)
  to   space 6080K,   0% used [0x07bc0000, 0x07bc0000, 0x081b0000)
 tenured generation   total 122072K, used 73242K [0x0f0a0000, 0x167d6000, 0x24600000)
   the space 122072K,  59% used [0x0f0a0000, 0x13826950, 0x13826a00, 0x167d6000)
 Metaspace       used 21632K, capacity 22243K, committed 22528K, reserved 22912K
Event: 8951.770 GC heap after
Heap after GC invocations=489 (full 3):
 def new generation   total 55040K, used 2776K [0x04600000, 0x081b0000, 0x0f0a0000)
  eden space 48960K,   0% used [0x04600000, 0x04600000, 0x075d0000)
  from space 6080K,  45% used [0x07bc0000, 0x07e76238, 0x081b0000)
  to   space 6080K,   0% used [0x075d0000, 0x075d0000, 0x07bc0000)
 tenured generation   total 122072K, used 75805K [0x0f0a0000, 0x167d6000, 0x24600000)
   the space 122072K,  62% used [0x0f0a0000, 0x13aa74a0, 0x13aa7600, 0x167d6000)
 Metaspace       used 21632K, capacity 22243K, committed 22528K, reserved 22912K
}
Event: 9094.424 GC heap before
{Heap before GC invocations=489 (full 3):
 def new generation   total 55040K, used 51736K [0x04600000, 0x081b0000, 0x0f0a0000)
  eden space 48960K, 100% used [0x04600000, 0x075d0000, 0x075d0000)
  from space 6080K,  45% used [0x07bc0000, 0x07e76238, 0x081b0000)
  to   space 6080K,   0% used [0x075d0000, 0x075d0000, 0x07bc0000)
 tenured generation   total 122072K, used 75805K [0x0f0a0000, 0x167d6000, 0x24600000)
   the space 122072K,  62% used [0x0f0a0000, 0x13aa74a0, 0x13aa7600, 0x167d6000)
 Metaspace       used 21632K, capacity 22243K, committed 22528K, reserved 22912K
Event: 9094.437 GC heap after
Heap after GC invocations=490 (full 3):
 def new generation   total 55040K, used 6080K [0x04600000, 0x081b0000, 0x0f0a0000)
  eden space 48960K,   0% used [0x04600000, 0x04600000, 0x075d0000)
  from space 6080K, 100% used [0x075d0000, 0x07bc0000, 0x07bc0000)
  to   space 6080K,   0% used [0x07bc0000, 0x07bc0000, 0x081b0000)
 tenured generation   total 122072K, used 76037K [0x0f0a0000, 0x167d6000, 0x24600000)
   the space 122072K,  62% used [0x0f0a0000, 0x13ae1510, 0x13ae1600, 0x167d6000)
 Metaspace       used 21632K, capacity 22243K, committed 22528K, reserved 22912K
}
Event: 9266.591 GC heap before
{Heap before GC invocations=490 (full 3):
 def new generation   total 55040K, used 55040K [0x04600000, 0x081b0000, 0x0f0a0000)
  eden space 48960K, 100% used [0x04600000, 0x075d0000, 0x075d0000)
  from space 6080K, 100% used [0x075d0000, 0x07bc0000, 0x07bc0000)
  to   space 6080K,   0% used [0x07bc0000, 0x07bc0000, 0x081b0000)
 tenured generation   total 122072K, used 76037K [0x0f0a0000, 0x167d6000, 0x24600000)
   the space 122072K,  62% used [0x0f0a0000, 0x13ae1510, 0x13ae1600, 0x167d6000)
 Metaspace       used 21634K, capacity 22246K, committed 22528K, reserved 22912K
Event: 9266.604 GC heap after
Heap after GC invocations=491 (full 3):
 def new generation   total 55040K, used 922K [0x04600000, 0x081b0000, 0x0f0a0000)
  eden space 48960K,   0% used [0x04600000, 0x04600000, 0x075d0000)
  from space 6080K,  15% used [0x07bc0000, 0x07ca69d8, 0x081b0000)
  to   space 6080K,   0% used [0x075d0000, 0x075d0000, 0x07bc0000)
 tenured generation   total 122072K, used 81130K [0x0f0a0000, 0x167d6000, 0x24600000)
   the space 122072K,  66% used [0x0f0a0000, 0x13fda928, 0x13fdaa00, 0x167d6000)
 Metaspace       used 21634K, capacity 22246K, committed 22528K, reserved 22912K
}
Event: 9341.274 GC heap before
{Heap before GC invocations=491 (full 3):
 def new generation   total 55040K, used 49875K [0x04600000, 0x081b0000, 0x0f0a0000)
  eden space 48960K,  99% used [0x04600000, 0x075ce588, 0x075d0000)
  from space 6080K,  15% used [0x07bc0000, 0x07ca69d8, 0x081b0000)
  to   space 6080K,   0% used [0x075d0000, 0x075d0000, 0x07bc0000)
 tenured generation   total 122072K, used 81130K [0x0f0a0000, 0x167d6000, 0x24600000)
   the space 122072K,  66% used [0x0f0a0000, 0x13fda928, 0x13fdaa00, 0x167d6000)
 Metaspace       used 21634K, capacity 22246K, committed 22528K, reserved 22912K
Event: 9341.281 GC heap after
Heap after GC invocations=492 (full 3):
 def new generation   total 55040K, used 1706K [0x04600000, 0x081b0000, 0x0f0a0000)
  eden space 48960K,   0% used [0x04600000, 0x04600000, 0x075d0000)
  from space 6080K,  28% used [0x075d0000, 0x0777aaf8, 0x07bc0000)
  to   space 6080K,   0% used [0x07bc0000, 0x07bc0000, 0x081b0000)
 tenured generation   total 122072K, used 81130K [0x0f0a0000, 0x167d6000, 0x24600000)
   the space 122072K,  66% used [0x0f0a0000, 0x13fda928, 0x13fdaa00, 0x167d6000)
 Metaspace       used 21634K, capacity 22246K, committed 22528K, reserved 22912K
}
Event: 9470.972 GC heap before
{Heap before GC invocations=492 (full 3):
 def new generation   total 55040K, used 50666K [0x04600000, 0x081b0000, 0x0f0a0000)
  eden space 48960K, 100% used [0x04600000, 0x075d0000, 0x075d0000)
  from space 6080K,  28% used [0x075d0000, 0x0777aaf8, 0x07bc0000)
  to   space 6080K,   0% used [0x07bc0000, 0x07bc0000, 0x081b0000)
 tenured generation   total 122072K, used 81130K [0x0f0a0000, 0x167d6000, 0x24600000)
   the space 122072K,  66% used [0x0f0a0000, 0x13fda928, 0x13fdaa00, 0x167d6000)
 Metaspace       used 21657K, capacity 22278K, committed 22528K, reserved 22912K
Event: 9470.978 GC heap after
Heap after GC invocations=493 (full 3):
 def new generation   total 55040K, used 877K [0x04600000, 0x081b0000, 0x0f0a0000)
  eden space 48960K,   0% used [0x04600000, 0x04600000, 0x075d0000)
  from space 6080K,  14% used [0x07bc0000, 0x07c9b5b8, 0x081b0000)
  to   space 6080K,   0% used [0x075d0000, 0x075d0000, 0x07bc0000)
 tenured generation   total 122072K, used 81130K [0x0f0a0000, 0x167d6000, 0x24600000)
   the space 122072K,  66% used [0x0f0a0000, 0x13fda928, 0x13fdaa00, 0x167d6000)
 Metaspace       used 21657K, capacity 22278K, committed 22528K, reserved 22912K
}

